# Logfile created on 2014-11-14 11:51:12 +0000 by logger.rb/44203
I, [2014-11-14T11:51:12.481557 #46123]  INFO -- : 0:  builder (3.2.2) from /Users/omarqureshi/.rvm/gems/ruby-2.1.0/specifications/builder-3.2.2.gemspec
I, [2014-11-14T11:51:13.934770 #46123]  INFO -- : 0:  chunky_png (1.3.3) from /Users/omarqureshi/.rvm/gems/ruby-2.1.0/specifications/chunky_png-1.3.3.gemspec
I, [2014-11-14T11:51:13.935718 #46123]  INFO -- : 0:  multi_json (1.10.1) from /Users/omarqureshi/.rvm/gems/ruby-2.1.0/specifications/multi_json-1.10.1.gemspec
I, [2014-11-14T11:51:15.258910 #46123]  INFO -- : 0:  sass (3.4.7) from /Users/omarqureshi/.rvm/gems/ruby-2.1.0/specifications/sass-3.4.7.gemspec
I, [2014-11-14T11:51:15.259375 #46123]  INFO -- : 0:  compass-core (1.0.1) from /Users/omarqureshi/.rvm/gems/ruby-2.1.0/specifications/compass-core-1.0.1.gemspec
I, [2014-11-14T11:51:15.259741 #46123]  INFO -- : 0:  compass-import-once (1.0.5) from /Users/omarqureshi/.rvm/gems/ruby-2.1.0/specifications/compass-import-once-1.0.5.gemspec
I, [2014-11-14T11:51:15.260271 #46123]  INFO -- : 0:  rb-fsevent (0.9.4) from /Users/omarqureshi/.rvm/gems/ruby-2.1.0/specifications/rb-fsevent-0.9.4.gemspec
I, [2014-11-14T11:51:15.260900 #46123]  INFO -- : 0:  ffi (1.9.6) from /Users/omarqureshi/.rvm/gems/ruby-2.1.0/specifications/ffi-1.9.6.gemspec
I, [2014-11-14T11:51:15.261571 #46123]  INFO -- : 0:  rb-inotify (0.9.5) from /Users/omarqureshi/.rvm/gems/ruby-2.1.0/specifications/rb-inotify-0.9.5.gemspec
I, [2014-11-14T11:51:15.262029 #46123]  INFO -- : 0:  compass (1.0.1) from /Users/omarqureshi/.rvm/gems/ruby-2.1.0/specifications/compass-1.0.1.gemspec
I, [2014-11-14T11:51:16.348943 #46123]  INFO -- : 0:  excon (0.41.0) from /Users/omarqureshi/.rvm/gems/ruby-2.1.0/specifications/excon-0.41.0.gemspec
I, [2014-11-14T11:51:16.349590 #46123]  INFO -- : 0:  formatador (0.2.5) from /Users/omarqureshi/.rvm/gems/ruby-2.1.0/specifications/formatador-0.2.5.gemspec
I, [2014-11-14T11:51:16.350180 #46123]  INFO -- : 0:  mime-types (2.4.3) from /Users/omarqureshi/.rvm/gems/ruby-2.1.0/specifications/mime-types-2.4.3.gemspec
I, [2014-11-14T11:51:16.350634 #46123]  INFO -- : 0:  net-ssh (2.9.1) from /Users/omarqureshi/.rvm/gems/ruby-2.1.0/specifications/net-ssh-2.9.1.gemspec
I, [2014-11-14T11:51:16.355042 #46123]  INFO -- : 0:  net-scp (1.2.1) from /Users/omarqureshi/.rvm/gems/ruby-2.1.0/specifications/net-scp-1.2.1.gemspec
I, [2014-11-14T11:51:16.356953 #46123]  INFO -- : 0:  fog-core (1.24.0) from /Users/omarqureshi/.rvm/gems/ruby-2.1.0/specifications/fog-core-1.24.0.gemspec
I, [2014-11-14T11:51:16.357499 #46123]  INFO -- : 0:  fog-json (1.0.0) from /Users/omarqureshi/.rvm/gems/ruby-2.1.0/specifications/fog-json-1.0.0.gemspec
I, [2014-11-14T11:51:16.363635 #46123]  INFO -- : 0:  inflecto (0.0.2) from /Users/omarqureshi/.rvm/gems/ruby-2.1.0/specifications/inflecto-0.0.2.gemspec
I, [2014-11-14T11:51:16.366013 #46123]  INFO -- : 0:  fog-brightbox (0.6.1) from /Users/omarqureshi/.rvm/gems/ruby-2.1.0/specifications/fog-brightbox-0.6.1.gemspec
I, [2014-11-14T11:51:17.206056 #46123]  INFO -- : 0:  mini_portile (0.6.1) from /Users/omarqureshi/.rvm/gems/ruby-2.1.0/specifications/mini_portile-0.6.1.gemspec
I, [2014-11-14T11:53:07.042638 #46123]  INFO -- : 0:  nokogiri (1.6.4.1) from /Users/omarqureshi/.rvm/gems/ruby-2.1.0/specifications/nokogiri-1.6.4.1.gemspec
I, [2014-11-14T11:53:07.928116 #46123]  INFO -- : 0:  fog-xml (0.1.1) from /Users/omarqureshi/.rvm/gems/ruby-2.1.0/specifications/fog-xml-0.1.1.gemspec
I, [2014-11-14T11:53:07.928806 #46123]  INFO -- : 0:  fog-radosgw (0.0.3) from /Users/omarqureshi/.rvm/gems/ruby-2.1.0/specifications/fog-radosgw-0.0.3.gemspec
I, [2014-11-14T11:53:07.929355 #46123]  INFO -- : 0:  fog-sakuracloud (0.1.1) from /Users/omarqureshi/.rvm/gems/ruby-2.1.0/specifications/fog-sakuracloud-0.1.1.gemspec
I, [2014-11-14T11:53:09.024627 #46123]  INFO -- : 0:  fog-softlayer (0.3.24) from /Users/omarqureshi/.rvm/gems/ruby-2.1.0/specifications/fog-softlayer-0.3.24.gemspec
I, [2014-11-14T11:53:09.025430 #46123]  INFO -- : 0:  ipaddress (0.8.0) from /Users/omarqureshi/.rvm/gems/ruby-2.1.0/specifications/ipaddress-0.8.0.gemspec
I, [2014-11-14T11:53:09.025960 #46123]  INFO -- : 0:  fog (1.24.0) from /Users/omarqureshi/.rvm/gems/ruby-2.1.0/specifications/fog-1.24.0.gemspec
I, [2014-11-14T11:53:09.026741 #46123]  INFO -- : 0:  bundler (1.5.1) from /Users/omarqureshi/.rvm/gems/ruby-2.1.0@global/specifications/bundler-1.5.1.gemspec
